<?xml version="1.0" encoding="UTF-8"?>
<!DOCTYPE suite SYSTEM "http://testng.org/testng-1.0.dtd">
<suite name="Suite" parallel="methods" thread-count="2">
	<test name="FirstTest">
		<parameter name="environment" value="windows-chrome" />
		<classes>
			<class name="com.logigear.test.ta_dashboard.testcases.login.DA_LOGIN_TC010" />
		</classes>
	</test>
</suite>